The system is: Linux - 5.1.3-desktop-1omv4000 - x86_64
Compiling the C compiler identification source file "CMakeCCompilerId.c" succeeded.
Compiler: /usr/bin/cc 
Build flags: 
Id flags:  

The output was:
0


Compilation of the C compiler identification source "CMakeCCompilerId.c" produced "a.out"

The C compiler identification is GNU, found in "/home/ideras/classes/Disenio_Logico_Digital/P2_2019/Pruebas/Prueba_Lab_P2_2019/Ejer2_Piano/build/CMakeFiles/3.14.4/CompilerIdC/a.out"

Compiling the CXX compiler identification source file "CMakeCXXCompilerId.cpp" succeeded.
Compiler: /usr/bin/g++ 
Build flags: 
Id flags:  

The output was:
0


Compilation of the CXX compiler identification source "CMakeCXXCompilerId.cpp" produced "a.out"

The CXX compiler identification is GNU, found in "/home/ideras/classes/Disenio_Logico_Digital/P2_2019/Pruebas/Prueba_Lab_P2_2019/Ejer2_Piano/build/CMakeFiles/3.14.4/CompilerIdCXX/a.out"

Determining if the C compiler works passed with the following output:
Change Dir: /home/ideras/classes/Disenio_Logico_Digital/P2_2019/Pruebas/Prueba_Lab_P2_2019/Ejer2_Piano/build/CMakeFiles/CMakeTmp

Run Build Command(s):/usr/bin/gmake cmTC_1cd86/fast 
/usr/bin/gmake -f CMakeFiles/cmTC_1cd86.dir/build.make CMakeFiles/cmTC_1cd86.dir/build
gmake[1]: Entering directory '/home/ideras/classes/Disenio_Logico_Digital/P2_2019/Pruebas/Prueba_Lab_P2_2019/Ejer2_Piano/build/CMakeFiles/CMakeTmp'
Building C object CMakeFiles/cmTC_1cd86.dir/testCCompiler.c.o
/usr/bin/cc    -o CMakeFiles/cmTC_1cd86.dir/testCCompiler.c.o   -c /home/ideras/classes/Disenio_Logico_Digital/P2_2019/Pruebas/Prueba_Lab_P2_2019/Ejer2_Piano/build/CMakeFiles/CMakeTmp/testCCompiler.c
Linking C executable cmTC_1cd86
/usr/bin/cmake -E cmake_link_script CMakeFiles/cmTC_1cd86.dir/link.txt --verbose=1
/usr/bin/cc      -rdynamic CMakeFiles/cmTC_1cd86.dir/testCCompiler.c.o  -o cmTC_1cd86 
gmake[1]: Leaving directory '/home/ideras/classes/Disenio_Logico_Digital/P2_2019/Pruebas/Prueba_Lab_P2_2019/Ejer2_Piano/build/CMakeFiles/CMakeTmp'


Detecting C compiler ABI info compiled with the following output:
Change Dir: /home/ideras/classes/Disenio_Logico_Digital/P2_2019/Pruebas/Prueba_Lab_P2_2019/Ejer2_Piano/build/CMakeFiles/CMakeTmp

Run Build Command(s):/usr/bin/gmake cmTC_60607/fast 
/usr/bin/gmake -f CMakeFiles/cmTC_60607.dir/build.make CMakeFiles/cmTC_60607.dir/build
gmake[1]: Entering directory '/home/ideras/classes/Disenio_Logico_Digital/P2_2019/Pruebas/Prueba_Lab_P2_2019/Ejer2_Piano/build/CMakeFiles/CMakeTmp'
Building C object CMakeFiles/cmTC_60607.dir/CMakeCCompilerABI.c.o
/usr/bin/cc   -v -o CMakeFiles/cmTC_60607.dir/CMakeCCompilerABI.c.o   -c /usr/share/cmake/Modules/CMakeCCompilerABI.c
Using built-in specs.
COLLECT_GCC=/usr/bin/cc
Target: x86_64-openmandriva-linux-gnu
Configured with: ../configure --prefix=/usr --libexecdir=/usr/libexec --libdir=/usr/lib64 --with-slibdir=/lib64 --mandir=/usr/share/man --infodir=/usr/share/info --with-cloog --with-ppl --disable-libmpx --enable-cloog-backend=isl --disable-cloog-version-check --disable-isl-version-check --disable-libssp --disable-werror --enable-__cxa_atexit --enable-gold=default --with-plugin-ld=/usr/bin/x86_64-openmandriva-linux-gnu-ld --enable-bootstrap --enable-checking=release --enable-gnu-unique-object --enable-gnu-indirect-function --with-linker-hash-style=gnu --enable-languages=c,ada,c++,fortran,go,lto,objc,obj-c++ --enable-linker-build-id --enable-plugin --enable-shared --enable-libcc1 --enable-lto --enable-libatomic --enable-threads=posix --enable-shared --enable-static --with-system-zlib --with-bugurl=https://issues.openmandriva.org --host=x86_64-openmandriva-linux-gnu --build=x86_64-openmandriva-linux-gnu --with-cpu=generic --with-arch_32=i686 --with-multilib-list=m32,m64 --with-multilib-list=m64,m32
Thread model: posix
gcc version 9.1.0 20190503 (OpenMandriva) (GCC) 
COLLECT_GCC_OPTIONS='-v' '-o' 'CMakeFiles/cmTC_60607.dir/CMakeCCompilerABI.c.o' '-c' '-mtune=generic' '-march=x86-64'
 /usr/libexec/gcc/x86_64-openmandriva-linux-gnu/9.1.0/cc1 -quiet -v /usr/share/cmake/Modules/CMakeCCompilerABI.c -quiet -dumpbase CMakeCCompilerABI.c -mtune=generic -march=x86-64 -auxbase-strip CMakeFiles/cmTC_60607.dir/CMakeCCompilerABI.c.o -version -o /tmp/ccWvy8lZ.s
GNU C17 (GCC) version 9.1.0 20190503 (OpenMandriva) (x86_64-openmandriva-linux-gnu)
	compiled by GNU C version 9.1.0 20190503 (OpenMandriva), GMP version 6.1.2, MPFR version 4.0.2, MPC version 1.1.0, isl version isl-0.21-GMP

GGC heuristics: --param ggc-min-expand=100 --param ggc-min-heapsize=131072
ignoring nonexistent directory "/usr/lib64/gcc/x86_64-openmandriva-linux-gnu/9.1.0/include-fixed"
ignoring nonexistent directory "/usr/lib64/gcc/x86_64-openmandriva-linux-gnu/9.1.0/../../../../x86_64-openmandriva-linux-gnu/include"
#include "..." search starts here:
#include <...> search starts here:
 /usr/lib64/gcc/x86_64-openmandriva-linux-gnu/9.1.0/include
 /usr/local/include
 /usr/include
End of search list.
GNU C17 (GCC) version 9.1.0 20190503 (OpenMandriva) (x86_64-openmandriva-linux-gnu)
	compiled by GNU C version 9.1.0 20190503 (OpenMandriva), GMP version 6.1.2, MPFR version 4.0.2, MPC version 1.1.0, isl version isl-0.21-GMP

GGC heuristics: --param ggc-min-expand=100 --param ggc-min-heapsize=131072
Compiler executable checksum: 16f830043c619c4bf945ad0984a275ed
COLLECT_GCC_OPTIONS='-v' '-o' 'CMakeFiles/cmTC_60607.dir/CMakeCCompilerABI.c.o' '-c' '-mtune=generic' '-march=x86-64'
 /usr/lib64/gcc/x86_64-openmandriva-linux-gnu/9.1.0/../../../../x86_64-openmandriva-linux-gnu/bin/as -v --64 -o CMakeFiles/cmTC_60607.dir/CMakeCCompilerABI.c.o /tmp/ccWvy8lZ.s
GNU assembler version 2.32 (x86_64-openmandriva-linux-gnu) using BFD version (GNU Binutils) 2.32
COMPILER_PATH=/usr/libexec/gcc/x86_64-openmandriva-linux-gnu/9.1.0/:/usr/libexec/gcc/x86_64-openmandriva-linux-gnu/9.1.0/:/usr/libexec/gcc/x86_64-openmandriva-linux-gnu/:/usr/lib64/gcc/x86_64-openmandriva-linux-gnu/9.1.0/:/usr/lib64/gcc/x86_64-openmandriva-linux-gnu/:/usr/lib64/gcc/x86_64-openmandriva-linux-gnu/9.1.0/../../../../x86_64-openmandriva-linux-gnu/bin/
LIBRARY_PATH=/usr/lib64/gcc/x86_64-openmandriva-linux-gnu/9.1.0/:/usr/lib64/gcc/x86_64-openmandriva-linux-gnu/9.1.0/../../../../lib64/:/lib/../lib64/:/usr/lib/../lib64/:/usr/lib64/gcc/x86_64-openmandriva-linux-gnu/9.1.0/../../../../x86_64-openmandriva-linux-gnu/lib/:/usr/lib64/gcc/x86_64-openmandriva-linux-gnu/9.1.0/../../../:/lib/:/usr/lib/
COLLECT_GCC_OPTIONS='-v' '-o' 'CMakeFiles/cmTC_60607.dir/CMakeCCompilerABI.c.o' '-c' '-mtune=generic' '-march=x86-64'
Linking C executable cmTC_60607
/usr/bin/cmake -E cmake_link_script CMakeFiles/cmTC_60607.dir/link.txt --verbose=1
/usr/bin/cc     -v -rdynamic CMakeFiles/cmTC_60607.dir/CMakeCCompilerABI.c.o  -o cmTC_60607 
Using built-in specs.
COLLECT_GCC=/usr/bin/cc
COLLECT_LTO_WRAPPER=/usr/libexec/gcc/x86_64-openmandriva-linux-gnu/9.1.0/lto-wrapper
Target: x86_64-openmandriva-linux-gnu
Configured with: ../configure --prefix=/usr --libexecdir=/usr/libexec --libdir=/usr/lib64 --with-slibdir=/lib64 --mandir=/usr/share/man --infodir=/usr/share/info --with-cloog --with-ppl --disable-libmpx --enable-cloog-backend=isl --disable-cloog-version-check --disable-isl-version-check --disable-libssp --disable-werror --enable-__cxa_atexit --enable-gold=default --with-plugin-ld=/usr/bin/x86_64-openmandriva-linux-gnu-ld --enable-bootstrap --enable-checking=release --enable-gnu-unique-object --enable-gnu-indirect-function --with-linker-hash-style=gnu --enable-languages=c,ada,c++,fortran,go,lto,objc,obj-c++ --enable-linker-build-id --enable-plugin --enable-shared --enable-libcc1 --enable-lto --enable-libatomic --enable-threads=posix --enable-shared --enable-static --with-system-zlib --with-bugurl=https://issues.openmandriva.org --host=x86_64-openmandriva-linux-gnu --build=x86_64-openmandriva-linux-gnu --with-cpu=generic --with-arch_32=i686 --with-multilib-list=m32,m64 --with-multilib-list=m64,m32
Thread model: posix
gcc version 9.1.0 20190503 (OpenMandriva) (GCC) 
COMPILER_PATH=/usr/libexec/gcc/x86_64-openmandriva-linux-gnu/9.1.0/:/usr/libexec/gcc/x86_64-openmandriva-linux-gnu/9.1.0/:/usr/libexec/gcc/x86_64-openmandriva-linux-gnu/:/usr/lib64/gcc/x86_64-openmandriva-linux-gnu/9.1.0/:/usr/lib64/gcc/x86_64-openmandriva-linux-gnu/:/usr/lib64/gcc/x86_64-openmandriva-linux-gnu/9.1.0/../../../../x86_64-openmandriva-linux-gnu/bin/
LIBRARY_PATH=/usr/lib64/gcc/x86_64-openmandriva-linux-gnu/9.1.0/:/usr/lib64/gcc/x86_64-openmandriva-linux-gnu/9.1.0/../../../../lib64/:/lib/../lib64/:/usr/lib/../lib64/:/usr/lib64/gcc/x86_64-openmandriva-linux-gnu/9.1.0/../../../../x86_64-openmandriva-linux-gnu/lib/:/usr/lib64/gcc/x86_64-openmandriva-linux-gnu/9.1.0/../../../:/lib/:/usr/lib/
COLLECT_GCC_OPTIONS='-v' '-rdynamic' '-o' 'cmTC_60607' '-mtune=generic' '-march=x86-64'
 /usr/libexec/gcc/x86_64-openmandriva-linux-gnu/9.1.0/collect2 -plugin /usr/libexec/gcc/x86_64-openmandriva-linux-gnu/9.1.0/liblto_plugin.so -plugin-opt=/usr/libexec/gcc/x86_64-openmandriva-linux-gnu/9.1.0/lto-wrapper -plugin-opt=-fresolution=/tmp/cc9fXUZ1.res -plugin-opt=-pass-through=-lgcc -plugin-opt=-pass-through=-lgcc_s -plugin-opt=-pass-through=-lc -plugin-opt=-pass-through=-lgcc -plugin-opt=-pass-through=-lgcc_s --build-id --eh-frame-hdr --hash-style=gnu -m elf_x86_64 -export-dynamic -dynamic-linker /lib64/ld-linux-x86-64.so.2 -o cmTC_60607 /usr/lib64/gcc/x86_64-openmandriva-linux-gnu/9.1.0/../../../../lib64/crt1.o /usr/lib64/gcc/x86_64-openmandriva-linux-gnu/9.1.0/../../../../lib64/crti.o /usr/lib64/gcc/x86_64-openmandriva-linux-gnu/9.1.0/crtbegin.o -L/usr/lib64/gcc/x86_64-openmandriva-linux-gnu/9.1.0 -L/usr/lib64/gcc/x86_64-openmandriva-linux-gnu/9.1.0/../../../../lib64 -L/lib/../lib64 -L/usr/lib/../lib64 -L/usr/lib64/gcc/x86_64-openmandriva-linux-gnu/9.1.0/../../../../x86_64-openmandriva-linux-gnu/lib -L/usr/lib64/gcc/x86_64-openmandriva-linux-gnu/9.1.0/../../.. CMakeFiles/cmTC_60607.dir/CMakeCCompilerABI.c.o -lgcc --push-state --as-needed -lgcc_s --pop-state -lc -lgcc --push-state --as-needed -lgcc_s --pop-state /usr/lib64/gcc/x86_64-openmandriva-linux-gnu/9.1.0/crtend.o /usr/lib64/gcc/x86_64-openmandriva-linux-gnu/9.1.0/../../../../lib64/crtn.o
COLLECT_GCC_OPTIONS='-v' '-rdynamic' '-o' 'cmTC_60607' '-mtune=generic' '-march=x86-64'
gmake[1]: Leaving directory '/home/ideras/classes/Disenio_Logico_Digital/P2_2019/Pruebas/Prueba_Lab_P2_2019/Ejer2_Piano/build/CMakeFiles/CMakeTmp'


Parsed C implicit include dir info from above output: rv=done
  found start of include info
  found start of implicit include info
    add: [/usr/lib64/gcc/x86_64-openmandriva-linux-gnu/9.1.0/include]
    add: [/usr/local/include]
    add: [/usr/include]
  end of search list found
  collapse include dir [/usr/lib64/gcc/x86_64-openmandriva-linux-gnu/9.1.0/include] ==> [/usr/lib64/gcc/x86_64-openmandriva-linux-gnu/9.1.0/include]
  collapse include dir [/usr/local/include] ==> [/usr/local/include]
  collapse include dir [/usr/include] ==> [/usr/include]
  implicit include dirs: [/usr/lib64/gcc/x86_64-openmandriva-linux-gnu/9.1.0/include;/usr/local/include;/usr/include]


Parsed C implicit link information from above output:
  link line regex: [^( *|.*[/\])(ld|CMAKE_LINK_STARTFILE-NOTFOUND|([^/\]+-)?ld|collect2)[^/\]*( |$)]
  ignore line: [Change Dir: /home/ideras/classes/Disenio_Logico_Digital/P2_2019/Pruebas/Prueba_Lab_P2_2019/Ejer2_Piano/build/CMakeFiles/CMakeTmp]
  ignore line: []
  ignore line: [Run Build Command(s):/usr/bin/gmake cmTC_60607/fast ]
  ignore line: [/usr/bin/gmake -f CMakeFiles/cmTC_60607.dir/build.make CMakeFiles/cmTC_60607.dir/build]
  ignore line: [gmake[1]: Entering directory '/home/ideras/classes/Disenio_Logico_Digital/P2_2019/Pruebas/Prueba_Lab_P2_2019/Ejer2_Piano/build/CMakeFiles/CMakeTmp']
  ignore line: [Building C object CMakeFiles/cmTC_60607.dir/CMakeCCompilerABI.c.o]
  ignore line: [/usr/bin/cc   -v -o CMakeFiles/cmTC_60607.dir/CMakeCCompilerABI.c.o   -c /usr/share/cmake/Modules/CMakeCCompilerABI.c]
  ignore line: [Using built-in specs.]
  ignore line: [COLLECT_GCC=/usr/bin/cc]
  ignore line: [Target: x86_64-openmandriva-linux-gnu]
  ignore line: [Configured with: ../configure --prefix=/usr --libexecdir=/usr/libexec --libdir=/usr/lib64 --with-slibdir=/lib64 --mandir=/usr/share/man --infodir=/usr/share/info --with-cloog --with-ppl --disable-libmpx --enable-cloog-backend=isl --disable-cloog-version-check --disable-isl-version-check --disable-libssp --disable-werror --enable-__cxa_atexit --enable-gold=default --with-plugin-ld=/usr/bin/x86_64-openmandriva-linux-gnu-ld --enable-bootstrap --enable-checking=release --enable-gnu-unique-object --enable-gnu-indirect-function --with-linker-hash-style=gnu --enable-languages=c,ada,c++,fortran,go,lto,objc,obj-c++ --enable-linker-build-id --enable-plugin --enable-shared --enable-libcc1 --enable-lto --enable-libatomic --enable-threads=posix --enable-shared --enable-static --with-system-zlib --with-bugurl=https://issues.openmandriva.org --host=x86_64-openmandriva-linux-gnu --build=x86_64-openmandriva-linux-gnu --with-cpu=generic --with-arch_32=i686 --with-multilib-list=m32,m64 --with-multilib-list=m64,m32]
  ignore line: [Thread model: posix]
  ignore line: [gcc version 9.1.0 20190503 (OpenMandriva) (GCC) ]
  ignore line: [COLLECT_GCC_OPTIONS='-v' '-o' 'CMakeFiles/cmTC_60607.dir/CMakeCCompilerABI.c.o' '-c' '-mtune=generic' '-march=x86-64']
  ignore line: [ /usr/libexec/gcc/x86_64-openmandriva-linux-gnu/9.1.0/cc1 -quiet -v /usr/share/cmake/Modules/CMakeCCompilerABI.c -quiet -dumpbase CMakeCCompilerABI.c -mtune=generic -march=x86-64 -auxbase-strip CMakeFiles/cmTC_60607.dir/CMakeCCompilerABI.c.o -version -o /tmp/ccWvy8lZ.s]
  ignore line: [GNU C17 (GCC) version 9.1.0 20190503 (OpenMandriva) (x86_64-openmandriva-linux-gnu)]
  ignore line: [	compiled by GNU C version 9.1.0 20190503 (OpenMandriva), GMP version 6.1.2, MPFR version 4.0.2, MPC version 1.1.0, isl version isl-0.21-GMP]
  ignore line: []
  ignore line: [GGC heuristics: --param ggc-min-expand=100 --param ggc-min-heapsize=131072]
  ignore line: [ignoring nonexistent directory "/usr/lib64/gcc/x86_64-openmandriva-linux-gnu/9.1.0/include-fixed"]
  ignore line: [ignoring nonexistent directory "/usr/lib64/gcc/x86_64-openmandriva-linux-gnu/9.1.0/../../../../x86_64-openmandriva-linux-gnu/include"]
  ignore line: [#include "..." search starts here:]
  ignore line: [#include <...> search starts here:]
  ignore line: [ /usr/lib64/gcc/x86_64-openmandriva-linux-gnu/9.1.0/include]
  ignore line: [ /usr/local/include]
  ignore line: [ /usr/include]
  ignore line: [End of search list.]
  ignore line: [GNU C17 (GCC) version 9.1.0 20190503 (OpenMandriva) (x86_64-openmandriva-linux-gnu)]
  ignore line: [	compiled by GNU C version 9.1.0 20190503 (OpenMandriva), GMP version 6.1.2, MPFR version 4.0.2, MPC version 1.1.0, isl version isl-0.21-GMP]
  ignore line: []
  ignore line: [GGC heuristics: --param ggc-min-expand=100 --param ggc-min-heapsize=131072]
  ignore line: [Compiler executable checksum: 16f830043c619c4bf945ad0984a275ed]
  ignore line: [COLLECT_GCC_OPTIONS='-v' '-o' 'CMakeFiles/cmTC_60607.dir/CMakeCCompilerABI.c.o' '-c' '-mtune=generic' '-march=x86-64']
  ignore line: [ /usr/lib64/gcc/x86_64-openmandriva-linux-gnu/9.1.0/../../../../x86_64-openmandriva-linux-gnu/bin/as -v --64 -o CMakeFiles/cmTC_60607.dir/CMakeCCompilerABI.c.o /tmp/ccWvy8lZ.s]
  ignore line: [GNU assembler version 2.32 (x86_64-openmandriva-linux-gnu) using BFD version (GNU Binutils) 2.32]
  ignore line: [COMPILER_PATH=/usr/libexec/gcc/x86_64-openmandriva-linux-gnu/9.1.0/:/usr/libexec/gcc/x86_64-openmandriva-linux-gnu/9.1.0/:/usr/libexec/gcc/x86_64-openmandriva-linux-gnu/:/usr/lib64/gcc/x86_64-openmandriva-linux-gnu/9.1.0/:/usr/lib64/gcc/x86_64-openmandriva-linux-gnu/:/usr/lib64/gcc/x86_64-openmandriva-linux-gnu/9.1.0/../../../../x86_64-openmandriva-linux-gnu/bin/]
  ignore line: [LIBRARY_PATH=/usr/lib64/gcc/x86_64-openmandriva-linux-gnu/9.1.0/:/usr/lib64/gcc/x86_64-openmandriva-linux-gnu/9.1.0/../../../../lib64/:/lib/../lib64/:/usr/lib/../lib64/:/usr/lib64/gcc/x86_64-openmandriva-linux-gnu/9.1.0/../../../../x86_64-openmandriva-linux-gnu/lib/:/usr/lib64/gcc/x86_64-openmandriva-linux-gnu/9.1.0/../../../:/lib/:/usr/lib/]
  ignore line: [COLLECT_GCC_OPTIONS='-v' '-o' 'CMakeFiles/cmTC_60607.dir/CMakeCCompilerABI.c.o' '-c' '-mtune=generic' '-march=x86-64']
  ignore line: [Linking C executable cmTC_60607]
  ignore line: [/usr/bin/cmake -E cmake_link_script CMakeFiles/cmTC_60607.dir/link.txt --verbose=1]
  ignore line: [/usr/bin/cc     -v -rdynamic CMakeFiles/cmTC_60607.dir/CMakeCCompilerABI.c.o  -o cmTC_60607 ]
  ignore line: [Using built-in specs.]
  ignore line: [COLLECT_GCC=/usr/bin/cc]
  ignore line: [COLLECT_LTO_WRAPPER=/usr/libexec/gcc/x86_64-openmandriva-linux-gnu/9.1.0/lto-wrapper]
  ignore line: [Target: x86_64-openmandriva-linux-gnu]
  ignore line: [Configured with: ../configure --prefix=/usr --libexecdir=/usr/libexec --libdir=/usr/lib64 --with-slibdir=/lib64 --mandir=/usr/share/man --infodir=/usr/share/info --with-cloog --with-ppl --disable-libmpx --enable-cloog-backend=isl --disable-cloog-version-check --disable-isl-version-check --disable-libssp --disable-werror --enable-__cxa_atexit --enable-gold=default --with-plugin-ld=/usr/bin/x86_64-openmandriva-linux-gnu-ld --enable-bootstrap --enable-checking=release --enable-gnu-unique-object --enable-gnu-indirect-function --with-linker-hash-style=gnu --enable-languages=c,ada,c++,fortran,go,lto,objc,obj-c++ --enable-linker-build-id --enable-plugin --enable-shared --enable-libcc1 --enable-lto --enable-libatomic --enable-threads=posix --enable-shared --enable-static --with-system-zlib --with-bugurl=https://issues.openmandriva.org --host=x86_64-openmandriva-linux-gnu --build=x86_64-openmandriva-linux-gnu --with-cpu=generic --with-arch_32=i686 --with-multilib-list=m32,m64 --with-multilib-list=m64,m32]
  ignore line: [Thread model: posix]
  ignore line: [gcc version 9.1.0 20190503 (OpenMandriva) (GCC) ]
  ignore line: [COMPILER_PATH=/usr/libexec/gcc/x86_64-openmandriva-linux-gnu/9.1.0/:/usr/libexec/gcc/x86_64-openmandriva-linux-gnu/9.1.0/:/usr/libexec/gcc/x86_64-openmandriva-linux-gnu/:/usr/lib64/gcc/x86_64-openmandriva-linux-gnu/9.1.0/:/usr/lib64/gcc/x86_64-openmandriva-linux-gnu/:/usr/lib64/gcc/x86_64-openmandriva-linux-gnu/9.1.0/../../../../x86_64-openmandriva-linux-gnu/bin/]
  ignore line: [LIBRARY_PATH=/usr/lib64/gcc/x86_64-openmandriva-linux-gnu/9.1.0/:/usr/lib64/gcc/x86_64-openmandriva-linux-gnu/9.1.0/../../../../lib64/:/lib/../lib64/:/usr/lib/../lib64/:/usr/lib64/gcc/x86_64-openmandriva-linux-gnu/9.1.0/../../../../x86_64-openmandriva-linux-gnu/lib/:/usr/lib64/gcc/x86_64-openmandriva-linux-gnu/9.1.0/../../../:/lib/:/usr/lib/]
  ignore line: [COLLECT_GCC_OPTIONS='-v' '-rdynamic' '-o' 'cmTC_60607' '-mtune=generic' '-march=x86-64']
  link line: [ /usr/libexec/gcc/x86_64-openmandriva-linux-gnu/9.1.0/collect2 -plugin /usr/libexec/gcc/x86_64-openmandriva-linux-gnu/9.1.0/liblto_plugin.so -plugin-opt=/usr/libexec/gcc/x86_64-openmandriva-linux-gnu/9.1.0/lto-wrapper -plugin-opt=-fresolution=/tmp/cc9fXUZ1.res -plugin-opt=-pass-through=-lgcc -plugin-opt=-pass-through=-lgcc_s -plugin-opt=-pass-through=-lc -plugin-opt=-pass-through=-lgcc -plugin-opt=-pass-through=-lgcc_s --build-id --eh-frame-hdr --hash-style=gnu -m elf_x86_64 -export-dynamic -dynamic-linker /lib64/ld-linux-x86-64.so.2 -o cmTC_60607 /usr/lib64/gcc/x86_64-openmandriva-linux-gnu/9.1.0/../../../../lib64/crt1.o /usr/lib64/gcc/x86_64-openmandriva-linux-gnu/9.1.0/../../../../lib64/crti.o /usr/lib64/gcc/x86_64-openmandriva-linux-gnu/9.1.0/crtbegin.o -L/usr/lib64/gcc/x86_64-openmandriva-linux-gnu/9.1.0 -L/usr/lib64/gcc/x86_64-openmandriva-linux-gnu/9.1.0/../../../../lib64 -L/lib/../lib64 -L/usr/lib/../lib64 -L/usr/lib64/gcc/x86_64-openmandriva-linux-gnu/9.1.0/../../../../x86_64-openmandriva-linux-gnu/lib -L/usr/lib64/gcc/x86_64-openmandriva-linux-gnu/9.1.0/../../.. CMakeFiles/cmTC_60607.dir/CMakeCCompilerABI.c.o -lgcc --push-state --as-needed -lgcc_s --pop-state -lc -lgcc --push-state --as-needed -lgcc_s --pop-state /usr/lib64/gcc/x86_64-openmandriva-linux-gnu/9.1.0/crtend.o /usr/lib64/gcc/x86_64-openmandriva-linux-gnu/9.1.0/../../../../lib64/crtn.o]
    arg [/usr/libexec/gcc/x86_64-openmandriva-linux-gnu/9.1.0/collect2] ==> ignore
    arg [-plugin] ==> ignore
    arg [/usr/libexec/gcc/x86_64-openmandriva-linux-gnu/9.1.0/liblto_plugin.so] ==> ignore
    arg [-plugin-opt=/usr/libexec/gcc/x86_64-openmandriva-linux-gnu/9.1.0/lto-wrapper] ==> ignore
    arg [-plugin-opt=-fresolution=/tmp/cc9fXUZ1.res] ==> ignore
    arg [-plugin-opt=-pass-through=-lgcc] ==> ignore
    arg [-plugin-opt=-pass-through=-lgcc_s] ==> ignore
    arg [-plugin-opt=-pass-through=-lc] ==> ignore
    arg [-plugin-opt=-pass-through=-lgcc] ==> ignore
    arg [-plugin-opt=-pass-through=-lgcc_s] ==> ignore
    arg [--build-id] ==> ignore
    arg [--eh-frame-hdr] ==> ignore
    arg [--hash-style=gnu] ==> ignore
    arg [-m] ==> ignore
    arg [elf_x86_64] ==> ignore
    arg [-export-dynamic] ==> ignore
    arg [-dynamic-linker] ==> ignore
    arg [/lib64/ld-linux-x86-64.so.2] ==> ignore
    arg [-o] ==> ignore
    arg [cmTC_60607] ==> ignore
    arg [/usr/lib64/gcc/x86_64-openmandriva-linux-gnu/9.1.0/../../../../lib64/crt1.o] ==> ignore
    arg [/usr/lib64/gcc/x86_64-openmandriva-linux-gnu/9.1.0/../../../../lib64/crti.o] ==> ignore
    arg [/usr/lib64/gcc/x86_64-openmandriva-linux-gnu/9.1.0/crtbegin.o] ==> ignore
    arg [-L/usr/lib64/gcc/x86_64-openmandriva-linux-gnu/9.1.0] ==> dir [/usr/lib64/gcc/x86_64-openmandriva-linux-gnu/9.1.0]
    arg [-L/usr/lib64/gcc/x86_64-openmandriva-linux-gnu/9.1.0/../../../../lib64] ==> dir [/usr/lib64/gcc/x86_64-openmandriva-linux-gnu/9.1.0/../../../../lib64]
    arg [-L/lib/../lib64] ==> dir [/lib/../lib64]
    arg [-L/usr/lib/../lib64] ==> dir [/usr/lib/../lib64]
    arg [-L/usr/lib64/gcc/x86_64-openmandriva-linux-gnu/9.1.0/../../../../x86_64-openmandriva-linux-gnu/lib] ==> dir [/usr/lib64/gcc/x86_64-openmandriva-linux-gnu/9.1.0/../../../../x86_64-openmandriva-linux-gnu/lib]
    arg [-L/usr/lib64/gcc/x86_64-openmandriva-linux-gnu/9.1.0/../../..] ==> dir [/usr/lib64/gcc/x86_64-openmandriva-linux-gnu/9.1.0/../../..]
    arg [CMakeFiles/cmTC_60607.dir/CMakeCCompilerABI.c.o] ==> ignore
    arg [-lgcc] ==> lib [gcc]
    arg [--push-state] ==> ignore
    arg [--as-needed] ==> ignore
    arg [-lgcc_s] ==> lib [gcc_s]
    arg [--pop-state] ==> ignore
    arg [-lc] ==> lib [c]
    arg [-lgcc] ==> lib [gcc]
    arg [--push-state] ==> ignore
    arg [--as-needed] ==> ignore
    arg [-lgcc_s] ==> lib [gcc_s]
    arg [--pop-state] ==> ignore
    arg [/usr/lib64/gcc/x86_64-openmandriva-linux-gnu/9.1.0/crtend.o] ==> ignore
    arg [/usr/lib64/gcc/x86_64-openmandriva-linux-gnu/9.1.0/../../../../lib64/crtn.o] ==> ignore
  collapse library dir [/usr/lib64/gcc/x86_64-openmandriva-linux-gnu/9.1.0] ==> [/usr/lib64/gcc/x86_64-openmandriva-linux-gnu/9.1.0]
  collapse library dir [/usr/lib64/gcc/x86_64-openmandriva-linux-gnu/9.1.0/../../../../lib64] ==> [/usr/lib64]
  collapse library dir [/lib/../lib64] ==> [/lib64]
  collapse library dir [/usr/lib/../lib64] ==> [/usr/lib64]
  collapse library dir [/usr/lib64/gcc/x86_64-openmandriva-linux-gnu/9.1.0/../../../../x86_64-openmandriva-linux-gnu/lib] ==> [/usr/x86_64-openmandriva-linux-gnu/lib]
  collapse library dir [/usr/lib64/gcc/x86_64-openmandriva-linux-gnu/9.1.0/../../..] ==> [/usr/lib64]
  implicit libs: [gcc;gcc_s;c;gcc;gcc_s]
  implicit dirs: [/usr/lib64/gcc/x86_64-openmandriva-linux-gnu/9.1.0;/usr/lib64;/lib64;/usr/x86_64-openmandriva-linux-gnu/lib]
  implicit fwks: []




Detecting C [-std=c11] compiler features compiled with the following output:
Change Dir: /home/ideras/classes/Disenio_Logico_Digital/P2_2019/Pruebas/Prueba_Lab_P2_2019/Ejer2_Piano/build/CMakeFiles/CMakeTmp

Run Build Command(s):/usr/bin/gmake cmTC_8f05d/fast 
/usr/bin/gmake -f CMakeFiles/cmTC_8f05d.dir/build.make CMakeFiles/cmTC_8f05d.dir/build
gmake[1]: Entering directory '/home/ideras/classes/Disenio_Logico_Digital/P2_2019/Pruebas/Prueba_Lab_P2_2019/Ejer2_Piano/build/CMakeFiles/CMakeTmp'
Building C object CMakeFiles/cmTC_8f05d.dir/feature_tests.c.o
/usr/bin/cc   -std=c11 -o CMakeFiles/cmTC_8f05d.dir/feature_tests.c.o   -c /home/ideras/classes/Disenio_Logico_Digital/P2_2019/Pruebas/Prueba_Lab_P2_2019/Ejer2_Piano/build/CMakeFiles/feature_tests.c
Linking C executable cmTC_8f05d
/usr/bin/cmake -E cmake_link_script CMakeFiles/cmTC_8f05d.dir/link.txt --verbose=1
/usr/bin/cc      -rdynamic CMakeFiles/cmTC_8f05d.dir/feature_tests.c.o  -o cmTC_8f05d 
gmake[1]: Leaving directory '/home/ideras/classes/Disenio_Logico_Digital/P2_2019/Pruebas/Prueba_Lab_P2_2019/Ejer2_Piano/build/CMakeFiles/CMakeTmp'


    Feature record: C_FEATURE:1c_function_prototypes
    Feature record: C_FEATURE:1c_restrict
    Feature record: C_FEATURE:1c_static_assert
    Feature record: C_FEATURE:1c_variadic_macros


Detecting C [-std=c99] compiler features compiled with the following output:
Change Dir: /home/ideras/classes/Disenio_Logico_Digital/P2_2019/Pruebas/Prueba_Lab_P2_2019/Ejer2_Piano/build/CMakeFiles/CMakeTmp

Run Build Command(s):/usr/bin/gmake cmTC_0e4e6/fast 
/usr/bin/gmake -f CMakeFiles/cmTC_0e4e6.dir/build.make CMakeFiles/cmTC_0e4e6.dir/build
gmake[1]: Entering directory '/home/ideras/classes/Disenio_Logico_Digital/P2_2019/Pruebas/Prueba_Lab_P2_2019/Ejer2_Piano/build/CMakeFiles/CMakeTmp'
Building C object CMakeFiles/cmTC_0e4e6.dir/feature_tests.c.o
/usr/bin/cc   -std=c99 -o CMakeFiles/cmTC_0e4e6.dir/feature_tests.c.o   -c /home/ideras/classes/Disenio_Logico_Digital/P2_2019/Pruebas/Prueba_Lab_P2_2019/Ejer2_Piano/build/CMakeFiles/feature_tests.c
Linking C executable cmTC_0e4e6
/usr/bin/cmake -E cmake_link_script CMakeFiles/cmTC_0e4e6.dir/link.txt --verbose=1
/usr/bin/cc      -rdynamic CMakeFiles/cmTC_0e4e6.dir/feature_tests.c.o  -o cmTC_0e4e6 
gmake[1]: Leaving directory '/home/ideras/classes/Disenio_Logico_Digital/P2_2019/Pruebas/Prueba_Lab_P2_2019/Ejer2_Piano/build/CMakeFiles/CMakeTmp'


    Feature record: C_FEATURE:1c_function_prototypes
    Feature record: C_FEATURE:1c_restrict
    Feature record: C_FEATURE:0c_static_assert
    Feature record: C_FEATURE:1c_variadic_macros


Detecting C [-std=c90] compiler features compiled with the following output:
Change Dir: /home/ideras/classes/Disenio_Logico_Digital/P2_2019/Pruebas/Prueba_Lab_P2_2019/Ejer2_Piano/build/CMakeFiles/CMakeTmp

Run Build Command(s):/usr/bin/gmake cmTC_6233b/fast 
/usr/bin/gmake -f CMakeFiles/cmTC_6233b.dir/build.make CMakeFiles/cmTC_6233b.dir/build
gmake[1]: Entering directory '/home/ideras/classes/Disenio_Logico_Digital/P2_2019/Pruebas/Prueba_Lab_P2_2019/Ejer2_Piano/build/CMakeFiles/CMakeTmp'
Building C object CMakeFiles/cmTC_6233b.dir/feature_tests.c.o
/usr/bin/cc   -std=c90 -o CMakeFiles/cmTC_6233b.dir/feature_tests.c.o   -c /home/ideras/classes/Disenio_Logico_Digital/P2_2019/Pruebas/Prueba_Lab_P2_2019/Ejer2_Piano/build/CMakeFiles/feature_tests.c
Linking C executable cmTC_6233b
/usr/bin/cmake -E cmake_link_script CMakeFiles/cmTC_6233b.dir/link.txt --verbose=1
/usr/bin/cc      -rdynamic CMakeFiles/cmTC_6233b.dir/feature_tests.c.o  -o cmTC_6233b 
gmake[1]: Leaving directory '/home/ideras/classes/Disenio_Logico_Digital/P2_2019/Pruebas/Prueba_Lab_P2_2019/Ejer2_Piano/build/CMakeFiles/CMakeTmp'


    Feature record: C_FEATURE:1c_function_prototypes
    Feature record: C_FEATURE:0c_restrict
    Feature record: C_FEATURE:0c_static_assert
    Feature record: C_FEATURE:0c_variadic_macros
Determining if the CXX compiler works passed with the following output:
Change Dir: /home/ideras/classes/Disenio_Logico_Digital/P2_2019/Pruebas/Prueba_Lab_P2_2019/Ejer2_Piano/build/CMakeFiles/CMakeTmp

Run Build Command(s):/usr/bin/gmake cmTC_7d6df/fast 
/usr/bin/gmake -f CMakeFiles/cmTC_7d6df.dir/build.make CMakeFiles/cmTC_7d6df.dir/build
gmake[1]: Entering directory '/home/ideras/classes/Disenio_Logico_Digital/P2_2019/Pruebas/Prueba_Lab_P2_2019/Ejer2_Piano/build/CMakeFiles/CMakeTmp'
Building CXX object CMakeFiles/cmTC_7d6df.dir/testCXXCompiler.cxx.o
/usr/bin/g++     -o CMakeFiles/cmTC_7d6df.dir/testCXXCompiler.cxx.o -c /home/ideras/classes/Disenio_Logico_Digital/P2_2019/Pruebas/Prueba_Lab_P2_2019/Ejer2_Piano/build/CMakeFiles/CMakeTmp/testCXXCompiler.cxx
Linking CXX executable cmTC_7d6df
/usr/bin/cmake -E cmake_link_script CMakeFiles/cmTC_7d6df.dir/link.txt --verbose=1
/usr/bin/g++       -rdynamic CMakeFiles/cmTC_7d6df.dir/testCXXCompiler.cxx.o  -o cmTC_7d6df 
gmake[1]: Leaving directory '/home/ideras/classes/Disenio_Logico_Digital/P2_2019/Pruebas/Prueba_Lab_P2_2019/Ejer2_Piano/build/CMakeFiles/CMakeTmp'


Detecting CXX compiler ABI info compiled with the following output:
Change Dir: /home/ideras/classes/Disenio_Logico_Digital/P2_2019/Pruebas/Prueba_Lab_P2_2019/Ejer2_Piano/build/CMakeFiles/CMakeTmp

Run Build Command(s):/usr/bin/gmake cmTC_c2eca/fast 
/usr/bin/gmake -f CMakeFiles/cmTC_c2eca.dir/build.make CMakeFiles/cmTC_c2eca.dir/build
gmake[1]: Entering directory '/home/ideras/classes/Disenio_Logico_Digital/P2_2019/Pruebas/Prueba_Lab_P2_2019/Ejer2_Piano/build/CMakeFiles/CMakeTmp'
Building CXX object CMakeFiles/cmTC_c2eca.dir/CMakeCXXCompilerABI.cpp.o
/usr/bin/g++    -v -o CMakeFiles/cmTC_c2eca.dir/CMakeCXXCompilerABI.cpp.o -c /usr/share/cmake/Modules/CMakeCXXCompilerABI.cpp
Using built-in specs.
COLLECT_GCC=/usr/bin/g++
Target: x86_64-openmandriva-linux-gnu
Configured with: ../configure --prefix=/usr --libexecdir=/usr/libexec --libdir=/usr/lib64 --with-slibdir=/lib64 --mandir=/usr/share/man --infodir=/usr/share/info --with-cloog --with-ppl --disable-libmpx --enable-cloog-backend=isl --disable-cloog-version-check --disable-isl-version-check --disable-libssp --disable-werror --enable-__cxa_atexit --enable-gold=default --with-plugin-ld=/usr/bin/x86_64-openmandriva-linux-gnu-ld --enable-bootstrap --enable-checking=release --enable-gnu-unique-object --enable-gnu-indirect-function --with-linker-hash-style=gnu --enable-languages=c,ada,c++,fortran,go,lto,objc,obj-c++ --enable-linker-build-id --enable-plugin --enable-shared --enable-libcc1 --enable-lto --enable-libatomic --enable-threads=posix --enable-shared --enable-static --with-system-zlib --with-bugurl=https://issues.openmandriva.org --host=x86_64-openmandriva-linux-gnu --build=x86_64-openmandriva-linux-gnu --with-cpu=generic --with-arch_32=i686 --with-multilib-list=m32,m64 --with-multilib-list=m64,m32
Thread model: posix
gcc version 9.1.0 20190503 (OpenMandriva) (GCC) 
COLLECT_GCC_OPTIONS='-v' '-o' 'CMakeFiles/cmTC_c2eca.dir/CMakeCXXCompilerABI.cpp.o' '-c' '-shared-libgcc' '-mtune=generic' '-march=x86-64'
 /usr/libexec/gcc/x86_64-openmandriva-linux-gnu/9.1.0/cc1plus -quiet -v -D_GNU_SOURCE /usr/share/cmake/Modules/CMakeCXXCompilerABI.cpp -quiet -dumpbase CMakeCXXCompilerABI.cpp -mtune=generic -march=x86-64 -auxbase-strip CMakeFiles/cmTC_c2eca.dir/CMakeCXXCompilerABI.cpp.o -version -o /tmp/ccr5Fz7r.s
GNU C++14 (GCC) version 9.1.0 20190503 (OpenMandriva) (x86_64-openmandriva-linux-gnu)
	compiled by GNU C version 9.1.0 20190503 (OpenMandriva), GMP version 6.1.2, MPFR version 4.0.2, MPC version 1.1.0, isl version isl-0.21-GMP

GGC heuristics: --param ggc-min-expand=100 --param ggc-min-heapsize=131072
ignoring nonexistent directory "/usr/lib64/gcc/x86_64-openmandriva-linux-gnu/9.1.0/include-fixed"
ignoring nonexistent directory "/usr/lib64/gcc/x86_64-openmandriva-linux-gnu/9.1.0/../../../../x86_64-openmandriva-linux-gnu/include"
#include "..." search starts here:
#include <...> search starts here:
 /usr/lib64/gcc/x86_64-openmandriva-linux-gnu/9.1.0/../../../../include/c++/9.1.0
 /usr/lib64/gcc/x86_64-openmandriva-linux-gnu/9.1.0/../../../../include/c++/9.1.0/x86_64-openmandriva-linux-gnu
 /usr/lib64/gcc/x86_64-openmandriva-linux-gnu/9.1.0/../../../../include/c++/9.1.0/backward
 /usr/lib64/gcc/x86_64-openmandriva-linux-gnu/9.1.0/include
 /usr/local/include
 /usr/include
End of search list.
GNU C++14 (GCC) version 9.1.0 20190503 (OpenMandriva) (x86_64-openmandriva-linux-gnu)
	compiled by GNU C version 9.1.0 20190503 (OpenMandriva), GMP version 6.1.2, MPFR version 4.0.2, MPC version 1.1.0, isl version isl-0.21-GMP

GGC heuristics: --param ggc-min-expand=100 --param ggc-min-heapsize=131072
Compiler executable checksum: 4a67b9a8b699f768ebf49ccbdccc5f98
COLLECT_GCC_OPTIONS='-v' '-o' 'CMakeFiles/cmTC_c2eca.dir/CMakeCXXCompilerABI.cpp.o' '-c' '-shared-libgcc' '-mtune=generic' '-march=x86-64'
 /usr/lib64/gcc/x86_64-openmandriva-linux-gnu/9.1.0/../../../../x86_64-openmandriva-linux-gnu/bin/as -v --64 -o CMakeFiles/cmTC_c2eca.dir/CMakeCXXCompilerABI.cpp.o /tmp/ccr5Fz7r.s
GNU assembler version 2.32 (x86_64-openmandriva-linux-gnu) using BFD version (GNU Binutils) 2.32
COMPILER_PATH=/usr/libexec/gcc/x86_64-openmandriva-linux-gnu/9.1.0/:/usr/libexec/gcc/x86_64-openmandriva-linux-gnu/9.1.0/:/usr/libexec/gcc/x86_64-openmandriva-linux-gnu/:/usr/lib64/gcc/x86_64-openmandriva-linux-gnu/9.1.0/:/usr/lib64/gcc/x86_64-openmandriva-linux-gnu/:/usr/lib64/gcc/x86_64-openmandriva-linux-gnu/9.1.0/../../../../x86_64-openmandriva-linux-gnu/bin/
LIBRARY_PATH=/usr/lib64/gcc/x86_64-openmandriva-linux-gnu/9.1.0/:/usr/lib64/gcc/x86_64-openmandriva-linux-gnu/9.1.0/../../../../lib64/:/lib/../lib64/:/usr/lib/../lib64/:/usr/lib64/gcc/x86_64-openmandriva-linux-gnu/9.1.0/../../../../x86_64-openmandriva-linux-gnu/lib/:/usr/lib64/gcc/x86_64-openmandriva-linux-gnu/9.1.0/../../../:/lib/:/usr/lib/
COLLECT_GCC_OPTIONS='-v' '-o' 'CMakeFiles/cmTC_c2eca.dir/CMakeCXXCompilerABI.cpp.o' '-c' '-shared-libgcc' '-mtune=generic' '-march=x86-64'
Linking CXX executable cmTC_c2eca
/usr/bin/cmake -E cmake_link_script CMakeFiles/cmTC_c2eca.dir/link.txt --verbose=1
/usr/bin/g++      -v -rdynamic CMakeFiles/cmTC_c2eca.dir/CMakeCXXCompilerABI.cpp.o  -o cmTC_c2eca 
Using built-in specs.
COLLECT_GCC=/usr/bin/g++
COLLECT_LTO_WRAPPER=/usr/libexec/gcc/x86_64-openmandriva-linux-gnu/9.1.0/lto-wrapper
Target: x86_64-openmandriva-linux-gnu
Configured with: ../configure --prefix=/usr --libexecdir=/usr/libexec --libdir=/usr/lib64 --with-slibdir=/lib64 --mandir=/usr/share/man --infodir=/usr/share/info --with-cloog --with-ppl --disable-libmpx --enable-cloog-backend=isl --disable-cloog-version-check --disable-isl-version-check --disable-libssp --disable-werror --enable-__cxa_atexit --enable-gold=default --with-plugin-ld=/usr/bin/x86_64-openmandriva-linux-gnu-ld --enable-bootstrap --enable-checking=release --enable-gnu-unique-object --enable-gnu-indirect-function --with-linker-hash-style=gnu --enable-languages=c,ada,c++,fortran,go,lto,objc,obj-c++ --enable-linker-build-id --enable-plugin --enable-shared --enable-libcc1 --enable-lto --enable-libatomic --enable-threads=posix --enable-shared --enable-static --with-system-zlib --with-bugurl=https://issues.openmandriva.org --host=x86_64-openmandriva-linux-gnu --build=x86_64-openmandriva-linux-gnu --with-cpu=generic --with-arch_32=i686 --with-multilib-list=m32,m64 --with-multilib-list=m64,m32
Thread model: posix
gcc version 9.1.0 20190503 (OpenMandriva) (GCC) 
COMPILER_PATH=/usr/libexec/gcc/x86_64-openmandriva-linux-gnu/9.1.0/:/usr/libexec/gcc/x86_64-openmandriva-linux-gnu/9.1.0/:/usr/libexec/gcc/x86_64-openmandriva-linux-gnu/:/usr/lib64/gcc/x86_64-openmandriva-linux-gnu/9.1.0/:/usr/lib64/gcc/x86_64-openmandriva-linux-gnu/:/usr/lib64/gcc/x86_64-openmandriva-linux-gnu/9.1.0/../../../../x86_64-openmandriva-linux-gnu/bin/
LIBRARY_PATH=/usr/lib64/gcc/x86_64-openmandriva-linux-gnu/9.1.0/:/usr/lib64/gcc/x86_64-openmandriva-linux-gnu/9.1.0/../../../../lib64/:/lib/../lib64/:/usr/lib/../lib64/:/usr/lib64/gcc/x86_64-openmandriva-linux-gnu/9.1.0/../../../../x86_64-openmandriva-linux-gnu/lib/:/usr/lib64/gcc/x86_64-openmandriva-linux-gnu/9.1.0/../../../:/lib/:/usr/lib/
COLLECT_GCC_OPTIONS='-v' '-rdynamic' '-o' 'cmTC_c2eca' '-shared-libgcc' '-mtune=generic' '-march=x86-64'
 /usr/libexec/gcc/x86_64-openmandriva-linux-gnu/9.1.0/collect2 -plugin /usr/libexec/gcc/x86_64-openmandriva-linux-gnu/9.1.0/liblto_plugin.so -plugin-opt=/usr/libexec/gcc/x86_64-openmandriva-linux-gnu/9.1.0/lto-wrapper -plugin-opt=-fresolution=/tmp/cc40KQvu.res -plugin-opt=-pass-through=-lgcc_s -plugin-opt=-pass-through=-lgcc -plugin-opt=-pass-through=-lc -plugin-opt=-pass-through=-lgcc_s -plugin-opt=-pass-through=-lgcc --build-id --eh-frame-hdr --hash-style=gnu -m elf_x86_64 -export-dynamic -dynamic-linker /lib64/ld-linux-x86-64.so.2 -o cmTC_c2eca /usr/lib64/gcc/x86_64-openmandriva-linux-gnu/9.1.0/../../../../lib64/crt1.o /usr/lib64/gcc/x86_64-openmandriva-linux-gnu/9.1.0/../../../../lib64/crti.o /usr/lib64/gcc/x86_64-openmandriva-linux-gnu/9.1.0/crtbegin.o -L/usr/lib64/gcc/x86_64-openmandriva-linux-gnu/9.1.0 -L/usr/lib64/gcc/x86_64-openmandriva-linux-gnu/9.1.0/../../../../lib64 -L/lib/../lib64 -L/usr/lib/../lib64 -L/usr/lib64/gcc/x86_64-openmandriva-linux-gnu/9.1.0/../../../../x86_64-openmandriva-linux-gnu/lib -L/usr/lib64/gcc/x86_64-openmandriva-linux-gnu/9.1.0/../../.. CMakeFiles/cmTC_c2eca.dir/CMakeCXXCompilerABI.cpp.o -lstdc++ -lm -lgcc_s -lgcc -lc -lgcc_s -lgcc /usr/lib64/gcc/x86_64-openmandriva-linux-gnu/9.1.0/crtend.o /usr/lib64/gcc/x86_64-openmandriva-linux-gnu/9.1.0/../../../../lib64/crtn.o
COLLECT_GCC_OPTIONS='-v' '-rdynamic' '-o' 'cmTC_c2eca' '-shared-libgcc' '-mtune=generic' '-march=x86-64'
gmake[1]: Leaving directory '/home/ideras/classes/Disenio_Logico_Digital/P2_2019/Pruebas/Prueba_Lab_P2_2019/Ejer2_Piano/build/CMakeFiles/CMakeTmp'


Parsed CXX implicit include dir info from above output: rv=done
  found start of include info
  found start of implicit include info
    add: [/usr/lib64/gcc/x86_64-openmandriva-linux-gnu/9.1.0/../../../../include/c++/9.1.0]
    add: [/usr/lib64/gcc/x86_64-openmandriva-linux-gnu/9.1.0/../../../../include/c++/9.1.0/x86_64-openmandriva-linux-gnu]
    add: [/usr/lib64/gcc/x86_64-openmandriva-linux-gnu/9.1.0/../../../../include/c++/9.1.0/backward]
    add: [/usr/lib64/gcc/x86_64-openmandriva-linux-gnu/9.1.0/include]
    add: [/usr/local/include]
    add: [/usr/include]
  end of search list found
  collapse include dir [/usr/lib64/gcc/x86_64-openmandriva-linux-gnu/9.1.0/../../../../include/c++/9.1.0] ==> [/usr/include/c++/9.1.0]
  collapse include dir [/usr/lib64/gcc/x86_64-openmandriva-linux-gnu/9.1.0/../../../../include/c++/9.1.0/x86_64-openmandriva-linux-gnu] ==> [/usr/include/c++/9.1.0/x86_64-openmandriva-linux-gnu]
  collapse include dir [/usr/lib64/gcc/x86_64-openmandriva-linux-gnu/9.1.0/../../../../include/c++/9.1.0/backward] ==> [/usr/include/c++/9.1.0/backward]
  collapse include dir [/usr/lib64/gcc/x86_64-openmandriva-linux-gnu/9.1.0/include] ==> [/usr/lib64/gcc/x86_64-openmandriva-linux-gnu/9.1.0/include]
  collapse include dir [/usr/local/include] ==> [/usr/local/include]
  collapse include dir [/usr/include] ==> [/usr/include]
  implicit include dirs: [/usr/include/c++/9.1.0;/usr/include/c++/9.1.0/x86_64-openmandriva-linux-gnu;/usr/include/c++/9.1.0/backward;/usr/lib64/gcc/x86_64-openmandriva-linux-gnu/9.1.0/include;/usr/local/include;/usr/include]


Parsed CXX implicit link information from above output:
  link line regex: [^( *|.*[/\])(ld|CMAKE_LINK_STARTFILE-NOTFOUND|([^/\]+-)?ld|collect2)[^/\]*( |$)]
  ignore line: [Change Dir: /home/ideras/classes/Disenio_Logico_Digital/P2_2019/Pruebas/Prueba_Lab_P2_2019/Ejer2_Piano/build/CMakeFiles/CMakeTmp]
  ignore line: []
  ignore line: [Run Build Command(s):/usr/bin/gmake cmTC_c2eca/fast ]
  ignore line: [/usr/bin/gmake -f CMakeFiles/cmTC_c2eca.dir/build.make CMakeFiles/cmTC_c2eca.dir/build]
  ignore line: [gmake[1]: Entering directory '/home/ideras/classes/Disenio_Logico_Digital/P2_2019/Pruebas/Prueba_Lab_P2_2019/Ejer2_Piano/build/CMakeFiles/CMakeTmp']
  ignore line: [Building CXX object CMakeFiles/cmTC_c2eca.dir/CMakeCXXCompilerABI.cpp.o]
  ignore line: [/usr/bin/g++    -v -o CMakeFiles/cmTC_c2eca.dir/CMakeCXXCompilerABI.cpp.o -c /usr/share/cmake/Modules/CMakeCXXCompilerABI.cpp]
  ignore line: [Using built-in specs.]
  ignore line: [COLLECT_GCC=/usr/bin/g++]
  ignore line: [Target: x86_64-openmandriva-linux-gnu]
  ignore line: [Configured with: ../configure --prefix=/usr --libexecdir=/usr/libexec --libdir=/usr/lib64 --with-slibdir=/lib64 --mandir=/usr/share/man --infodir=/usr/share/info --with-cloog --with-ppl --disable-libmpx --enable-cloog-backend=isl --disable-cloog-version-check --disable-isl-version-check --disable-libssp --disable-werror --enable-__cxa_atexit --enable-gold=default --with-plugin-ld=/usr/bin/x86_64-openmandriva-linux-gnu-ld --enable-bootstrap --enable-checking=release --enable-gnu-unique-object --enable-gnu-indirect-function --with-linker-hash-style=gnu --enable-languages=c,ada,c++,fortran,go,lto,objc,obj-c++ --enable-linker-build-id --enable-plugin --enable-shared --enable-libcc1 --enable-lto --enable-libatomic --enable-threads=posix --enable-shared --enable-static --with-system-zlib --with-bugurl=https://issues.openmandriva.org --host=x86_64-openmandriva-linux-gnu --build=x86_64-openmandriva-linux-gnu --with-cpu=generic --with-arch_32=i686 --with-multilib-list=m32,m64 --with-multilib-list=m64,m32]
  ignore line: [Thread model: posix]
  ignore line: [gcc version 9.1.0 20190503 (OpenMandriva) (GCC) ]
  ignore line: [COLLECT_GCC_OPTIONS='-v' '-o' 'CMakeFiles/cmTC_c2eca.dir/CMakeCXXCompilerABI.cpp.o' '-c' '-shared-libgcc' '-mtune=generic' '-march=x86-64']
  ignore line: [ /usr/libexec/gcc/x86_64-openmandriva-linux-gnu/9.1.0/cc1plus -quiet -v -D_GNU_SOURCE /usr/share/cmake/Modules/CMakeCXXCompilerABI.cpp -quiet -dumpbase CMakeCXXCompilerABI.cpp -mtune=generic -march=x86-64 -auxbase-strip CMakeFiles/cmTC_c2eca.dir/CMakeCXXCompilerABI.cpp.o -version -o /tmp/ccr5Fz7r.s]
  ignore line: [GNU C++14 (GCC) version 9.1.0 20190503 (OpenMandriva) (x86_64-openmandriva-linux-gnu)]
  ignore line: [	compiled by GNU C version 9.1.0 20190503 (OpenMandriva), GMP version 6.1.2, MPFR version 4.0.2, MPC version 1.1.0, isl version isl-0.21-GMP]
  ignore line: []
  ignore line: [GGC heuristics: --param ggc-min-expand=100 --param ggc-min-heapsize=131072]
  ignore line: [ignoring nonexistent directory "/usr/lib64/gcc/x86_64-openmandriva-linux-gnu/9.1.0/include-fixed"]
  ignore line: [ignoring nonexistent directory "/usr/lib64/gcc/x86_64-openmandriva-linux-gnu/9.1.0/../../../../x86_64-openmandriva-linux-gnu/include"]
  ignore line: [#include "..." search starts here:]
  ignore line: [#include <...> search starts here:]
  ignore line: [ /usr/lib64/gcc/x86_64-openmandriva-linux-gnu/9.1.0/../../../../include/c++/9.1.0]
  ignore line: [ /usr/lib64/gcc/x86_64-openmandriva-linux-gnu/9.1.0/../../../../include/c++/9.1.0/x86_64-openmandriva-linux-gnu]
  ignore line: [ /usr/lib64/gcc/x86_64-openmandriva-linux-gnu/9.1.0/../../../../include/c++/9.1.0/backward]
  ignore line: [ /usr/lib64/gcc/x86_64-openmandriva-linux-gnu/9.1.0/include]
  ignore line: [ /usr/local/include]
  ignore line: [ /usr/include]
  ignore line: [End of search list.]
  ignore line: [GNU C++14 (GCC) version 9.1.0 20190503 (OpenMandriva) (x86_64-openmandriva-linux-gnu)]
  ignore line: [	compiled by GNU C version 9.1.0 20190503 (OpenMandriva), GMP version 6.1.2, MPFR version 4.0.2, MPC version 1.1.0, isl version isl-0.21-GMP]
  ignore line: []
  ignore line: [GGC heuristics: --param ggc-min-expand=100 --param ggc-min-heapsize=131072]
  ignore line: [Compiler executable checksum: 4a67b9a8b699f768ebf49ccbdccc5f98]
  ignore line: [COLLECT_GCC_OPTIONS='-v' '-o' 'CMakeFiles/cmTC_c2eca.dir/CMakeCXXCompilerABI.cpp.o' '-c' '-shared-libgcc' '-mtune=generic' '-march=x86-64']
  ignore line: [ /usr/lib64/gcc/x86_64-openmandriva-linux-gnu/9.1.0/../../../../x86_64-openmandriva-linux-gnu/bin/as -v --64 -o CMakeFiles/cmTC_c2eca.dir/CMakeCXXCompilerABI.cpp.o /tmp/ccr5Fz7r.s]
  ignore line: [GNU assembler version 2.32 (x86_64-openmandriva-linux-gnu) using BFD version (GNU Binutils) 2.32]
  ignore line: [COMPILER_PATH=/usr/libexec/gcc/x86_64-openmandriva-linux-gnu/9.1.0/:/usr/libexec/gcc/x86_64-openmandriva-linux-gnu/9.1.0/:/usr/libexec/gcc/x86_64-openmandriva-linux-gnu/:/usr/lib64/gcc/x86_64-openmandriva-linux-gnu/9.1.0/:/usr/lib64/gcc/x86_64-openmandriva-linux-gnu/:/usr/lib64/gcc/x86_64-openmandriva-linux-gnu/9.1.0/../../../../x86_64-openmandriva-linux-gnu/bin/]
  ignore line: [LIBRARY_PATH=/usr/lib64/gcc/x86_64-openmandriva-linux-gnu/9.1.0/:/usr/lib64/gcc/x86_64-openmandriva-linux-gnu/9.1.0/../../../../lib64/:/lib/../lib64/:/usr/lib/../lib64/:/usr/lib64/gcc/x86_64-openmandriva-linux-gnu/9.1.0/../../../../x86_64-openmandriva-linux-gnu/lib/:/usr/lib64/gcc/x86_64-openmandriva-linux-gnu/9.1.0/../../../:/lib/:/usr/lib/]
  ignore line: [COLLECT_GCC_OPTIONS='-v' '-o' 'CMakeFiles/cmTC_c2eca.dir/CMakeCXXCompilerABI.cpp.o' '-c' '-shared-libgcc' '-mtune=generic' '-march=x86-64']
  ignore line: [Linking CXX executable cmTC_c2eca]
  ignore line: [/usr/bin/cmake -E cmake_link_script CMakeFiles/cmTC_c2eca.dir/link.txt --verbose=1]
  ignore line: [/usr/bin/g++      -v -rdynamic CMakeFiles/cmTC_c2eca.dir/CMakeCXXCompilerABI.cpp.o  -o cmTC_c2eca ]
  ignore line: [Using built-in specs.]
  ignore line: [COLLECT_GCC=/usr/bin/g++]
  ignore line: [COLLECT_LTO_WRAPPER=/usr/libexec/gcc/x86_64-openmandriva-linux-gnu/9.1.0/lto-wrapper]
  ignore line: [Target: x86_64-openmandriva-linux-gnu]
  ignore line: [Configured with: ../configure --prefix=/usr --libexecdir=/usr/libexec --libdir=/usr/lib64 --with-slibdir=/lib64 --mandir=/usr/share/man --infodir=/usr/share/info --with-cloog --with-ppl --disable-libmpx --enable-cloog-backend=isl --disable-cloog-version-check --disable-isl-version-check --disable-libssp --disable-werror --enable-__cxa_atexit --enable-gold=default --with-plugin-ld=/usr/bin/x86_64-openmandriva-linux-gnu-ld --enable-bootstrap --enable-checking=release --enable-gnu-unique-object --enable-gnu-indirect-function --with-linker-hash-style=gnu --enable-languages=c,ada,c++,fortran,go,lto,objc,obj-c++ --enable-linker-build-id --enable-plugin --enable-shared --enable-libcc1 --enable-lto --enable-libatomic --enable-threads=posix --enable-shared --enable-static --with-system-zlib --with-bugurl=https://issues.openmandriva.org --host=x86_64-openmandriva-linux-gnu --build=x86_64-openmandriva-linux-gnu --with-cpu=generic --with-arch_32=i686 --with-multilib-list=m32,m64 --with-multilib-list=m64,m32]
  ignore line: [Thread model: posix]
  ignore line: [gcc version 9.1.0 20190503 (OpenMandriva) (GCC) ]
  ignore line: [COMPILER_PATH=/usr/libexec/gcc/x86_64-openmandriva-linux-gnu/9.1.0/:/usr/libexec/gcc/x86_64-openmandriva-linux-gnu/9.1.0/:/usr/libexec/gcc/x86_64-openmandriva-linux-gnu/:/usr/lib64/gcc/x86_64-openmandriva-linux-gnu/9.1.0/:/usr/lib64/gcc/x86_64-openmandriva-linux-gnu/:/usr/lib64/gcc/x86_64-openmandriva-linux-gnu/9.1.0/../../../../x86_64-openmandriva-linux-gnu/bin/]
  ignore line: [LIBRARY_PATH=/usr/lib64/gcc/x86_64-openmandriva-linux-gnu/9.1.0/:/usr/lib64/gcc/x86_64-openmandriva-linux-gnu/9.1.0/../../../../lib64/:/lib/../lib64/:/usr/lib/../lib64/:/usr/lib64/gcc/x86_64-openmandriva-linux-gnu/9.1.0/../../../../x86_64-openmandriva-linux-gnu/lib/:/usr/lib64/gcc/x86_64-openmandriva-linux-gnu/9.1.0/../../../:/lib/:/usr/lib/]
  ignore line: [COLLECT_GCC_OPTIONS='-v' '-rdynamic' '-o' 'cmTC_c2eca' '-shared-libgcc' '-mtune=generic' '-march=x86-64']
  link line: [ /usr/libexec/gcc/x86_64-openmandriva-linux-gnu/9.1.0/collect2 -plugin /usr/libexec/gcc/x86_64-openmandriva-linux-gnu/9.1.0/liblto_plugin.so -plugin-opt=/usr/libexec/gcc/x86_64-openmandriva-linux-gnu/9.1.0/lto-wrapper -plugin-opt=-fresolution=/tmp/cc40KQvu.res -plugin-opt=-pass-through=-lgcc_s -plugin-opt=-pass-through=-lgcc -plugin-opt=-pass-through=-lc -plugin-opt=-pass-through=-lgcc_s -plugin-opt=-pass-through=-lgcc --build-id --eh-frame-hdr --hash-style=gnu -m elf_x86_64 -export-dynamic -dynamic-linker /lib64/ld-linux-x86-64.so.2 -o cmTC_c2eca /usr/lib64/gcc/x86_64-openmandriva-linux-gnu/9.1.0/../../../../lib64/crt1.o /usr/lib64/gcc/x86_64-openmandriva-linux-gnu/9.1.0/../../../../lib64/crti.o /usr/lib64/gcc/x86_64-openmandriva-linux-gnu/9.1.0/crtbegin.o -L/usr/lib64/gcc/x86_64-openmandriva-linux-gnu/9.1.0 -L/usr/lib64/gcc/x86_64-openmandriva-linux-gnu/9.1.0/../../../../lib64 -L/lib/../lib64 -L/usr/lib/../lib64 -L/usr/lib64/gcc/x86_64-openmandriva-linux-gnu/9.1.0/../../../../x86_64-openmandriva-linux-gnu/lib -L/usr/lib64/gcc/x86_64-openmandriva-linux-gnu/9.1.0/../../.. CMakeFiles/cmTC_c2eca.dir/CMakeCXXCompilerABI.cpp.o -lstdc++ -lm -lgcc_s -lgcc -lc -lgcc_s -lgcc /usr/lib64/gcc/x86_64-openmandriva-linux-gnu/9.1.0/crtend.o /usr/lib64/gcc/x86_64-openmandriva-linux-gnu/9.1.0/../../../../lib64/crtn.o]
    arg [/usr/libexec/gcc/x86_64-openmandriva-linux-gnu/9.1.0/collect2] ==> ignore
    arg [-plugin] ==> ignore
    arg [/usr/libexec/gcc/x86_64-openmandriva-linux-gnu/9.1.0/liblto_plugin.so] ==> ignore
    arg [-plugin-opt=/usr/libexec/gcc/x86_64-openmandriva-linux-gnu/9.1.0/lto-wrapper] ==> ignore
    arg [-plugin-opt=-fresolution=/tmp/cc40KQvu.res] ==> ignore
    arg [-plugin-opt=-pass-through=-lgcc_s] ==> ignore
    arg [-plugin-opt=-pass-through=-lgcc] ==> ignore
    arg [-plugin-opt=-pass-through=-lc] ==> ignore
    arg [-plugin-opt=-pass-through=-lgcc_s] ==> ignore
    arg [-plugin-opt=-pass-through=-lgcc] ==> ignore
    arg [--build-id] ==> ignore
    arg [--eh-frame-hdr] ==> ignore
    arg [--hash-style=gnu] ==> ignore
    arg [-m] ==> ignore
    arg [elf_x86_64] ==> ignore
    arg [-export-dynamic] ==> ignore
    arg [-dynamic-linker] ==> ignore
    arg [/lib64/ld-linux-x86-64.so.2] ==> ignore
    arg [-o] ==> ignore
    arg [cmTC_c2eca] ==> ignore
    arg [/usr/lib64/gcc/x86_64-openmandriva-linux-gnu/9.1.0/../../../../lib64/crt1.o] ==> ignore
    arg [/usr/lib64/gcc/x86_64-openmandriva-linux-gnu/9.1.0/../../../../lib64/crti.o] ==> ignore
    arg [/usr/lib64/gcc/x86_64-openmandriva-linux-gnu/9.1.0/crtbegin.o] ==> ignore
    arg [-L/usr/lib64/gcc/x86_64-openmandriva-linux-gnu/9.1.0] ==> dir [/usr/lib64/gcc/x86_64-openmandriva-linux-gnu/9.1.0]
    arg [-L/usr/lib64/gcc/x86_64-openmandriva-linux-gnu/9.1.0/../../../../lib64] ==> dir [/usr/lib64/gcc/x86_64-openmandriva-linux-gnu/9.1.0/../../../../lib64]
    arg [-L/lib/../lib64] ==> dir [/lib/../lib64]
    arg [-L/usr/lib/../lib64] ==> dir [/usr/lib/../lib64]
    arg [-L/usr/lib64/gcc/x86_64-openmandriva-linux-gnu/9.1.0/../../../../x86_64-openmandriva-linux-gnu/lib] ==> dir [/usr/lib64/gcc/x86_64-openmandriva-linux-gnu/9.1.0/../../../../x86_64-openmandriva-linux-gnu/lib]
    arg [-L/usr/lib64/gcc/x86_64-openmandriva-linux-gnu/9.1.0/../../..] ==> dir [/usr/lib64/gcc/x86_64-openmandriva-linux-gnu/9.1.0/../../..]
    arg [CMakeFiles/cmTC_c2eca.dir/CMakeCXXCompilerABI.cpp.o] ==> ignore
    arg [-lstdc++] ==> lib [stdc++]
    arg [-lm] ==> lib [m]
    arg [-lgcc_s] ==> lib [gcc_s]
    arg [-lgcc] ==> lib [gcc]
    arg [-lc] ==> lib [c]
    arg [-lgcc_s] ==> lib [gcc_s]
    arg [-lgcc] ==> lib [gcc]
    arg [/usr/lib64/gcc/x86_64-openmandriva-linux-gnu/9.1.0/crtend.o] ==> ignore
    arg [/usr/lib64/gcc/x86_64-openmandriva-linux-gnu/9.1.0/../../../../lib64/crtn.o] ==> ignore
  collapse library dir [/usr/lib64/gcc/x86_64-openmandriva-linux-gnu/9.1.0] ==> [/usr/lib64/gcc/x86_64-openmandriva-linux-gnu/9.1.0]
  collapse library dir [/usr/lib64/gcc/x86_64-openmandriva-linux-gnu/9.1.0/../../../../lib64] ==> [/usr/lib64]
  collapse library dir [/lib/../lib64] ==> [/lib64]
  collapse library dir [/usr/lib/../lib64] ==> [/usr/lib64]
  collapse library dir [/usr/lib64/gcc/x86_64-openmandriva-linux-gnu/9.1.0/../../../../x86_64-openmandriva-linux-gnu/lib] ==> [/usr/x86_64-openmandriva-linux-gnu/lib]
  collapse library dir [/usr/lib64/gcc/x86_64-openmandriva-linux-gnu/9.1.0/../../..] ==> [/usr/lib64]
  implicit libs: [stdc++;m;gcc_s;gcc;c;gcc_s;gcc]
  implicit dirs: [/usr/lib64/gcc/x86_64-openmandriva-linux-gnu/9.1.0;/usr/lib64;/lib64;/usr/x86_64-openmandriva-linux-gnu/lib]
  implicit fwks: []




Detecting CXX [-std=c++2a] compiler features compiled with the following output:
Change Dir: /home/ideras/classes/Disenio_Logico_Digital/P2_2019/Pruebas/Prueba_Lab_P2_2019/Ejer2_Piano/build/CMakeFiles/CMakeTmp

Run Build Command(s):/usr/bin/gmake cmTC_46cf8/fast 
/usr/bin/gmake -f CMakeFiles/cmTC_46cf8.dir/build.make CMakeFiles/cmTC_46cf8.dir/build
gmake[1]: Entering directory '/home/ideras/classes/Disenio_Logico_Digital/P2_2019/Pruebas/Prueba_Lab_P2_2019/Ejer2_Piano/build/CMakeFiles/CMakeTmp'
Building CXX object CMakeFiles/cmTC_46cf8.dir/feature_tests.cxx.o
/usr/bin/g++    -std=c++2a -o CMakeFiles/cmTC_46cf8.dir/feature_tests.cxx.o -c /home/ideras/classes/Disenio_Logico_Digital/P2_2019/Pruebas/Prueba_Lab_P2_2019/Ejer2_Piano/build/CMakeFiles/feature_tests.cxx
Linking CXX executable cmTC_46cf8
/usr/bin/cmake -E cmake_link_script CMakeFiles/cmTC_46cf8.dir/link.txt --verbose=1
/usr/bin/g++       -rdynamic CMakeFiles/cmTC_46cf8.dir/feature_tests.cxx.o  -o cmTC_46cf8 
gmake[1]: Leaving directory '/home/ideras/classes/Disenio_Logico_Digital/P2_2019/Pruebas/Prueba_Lab_P2_2019/Ejer2_Piano/build/CMakeFiles/CMakeTmp'


    Feature record: CXX_FEATURE:1cxx_aggregate_default_initializers
    Feature record: CXX_FEATURE:1cxx_alias_templates
    Feature record: CXX_FEATURE:1cxx_alignas
    Feature record: CXX_FEATURE:1cxx_alignof
    Feature record: CXX_FEATURE:1cxx_attributes
    Feature record: CXX_FEATURE:1cxx_attribute_deprecated
    Feature record: CXX_FEATURE:1cxx_auto_type
    Feature record: CXX_FEATURE:1cxx_binary_literals
    Feature record: CXX_FEATURE:1cxx_constexpr
    Feature record: CXX_FEATURE:1cxx_contextual_conversions
    Feature record: CXX_FEATURE:1cxx_decltype
    Feature record: CXX_FEATURE:1cxx_decltype_auto
    Feature record: CXX_FEATURE:1cxx_decltype_incomplete_return_types
    Feature record: CXX_FEATURE:1cxx_default_function_template_args
    Feature record: CXX_FEATURE:1cxx_defaulted_functions
    Feature record: CXX_FEATURE:1cxx_defaulted_move_initializers
    Feature record: CXX_FEATURE:1cxx_delegating_constructors
    Feature record: CXX_FEATURE:1cxx_deleted_functions
    Feature record: CXX_FEATURE:1cxx_digit_separators
    Feature record: CXX_FEATURE:1cxx_enum_forward_declarations
    Feature record: CXX_FEATURE:1cxx_explicit_conversions
    Feature record: CXX_FEATURE:1cxx_extended_friend_declarations
    Feature record: CXX_FEATURE:1cxx_extern_templates
    Feature record: CXX_FEATURE:1cxx_final
    Feature record: CXX_FEATURE:1cxx_func_identifier
    Feature record: CXX_FEATURE:1cxx_generalized_initializers
    Feature record: CXX_FEATURE:1cxx_generic_lambdas
    Feature record: CXX_FEATURE:1cxx_inheriting_constructors
    Feature record: CXX_FEATURE:1cxx_inline_namespaces
    Feature record: CXX_FEATURE:1cxx_lambdas
    Feature record: CXX_FEATURE:1cxx_lambda_init_captures
    Feature record: CXX_FEATURE:1cxx_local_type_template_args
    Feature record: CXX_FEATURE:1cxx_long_long_type
    Feature record: CXX_FEATURE:1cxx_noexcept
    Feature record: CXX_FEATURE:1cxx_nonstatic_member_init
    Feature record: CXX_FEATURE:1cxx_nullptr
    Feature record: CXX_FEATURE:1cxx_override
    Feature record: CXX_FEATURE:1cxx_range_for
    Feature record: CXX_FEATURE:1cxx_raw_string_literals
    Feature record: CXX_FEATURE:1cxx_reference_qualified_functions
    Feature record: CXX_FEATURE:1cxx_relaxed_constexpr
    Feature record: CXX_FEATURE:1cxx_return_type_deduction
    Feature record: CXX_FEATURE:1cxx_right_angle_brackets
    Feature record: CXX_FEATURE:1cxx_rvalue_references
    Feature record: CXX_FEATURE:1cxx_sizeof_member
    Feature record: CXX_FEATURE:1cxx_static_assert
    Feature record: CXX_FEATURE:1cxx_strong_enums
    Feature record: CXX_FEATURE:1cxx_template_template_parameters
    Feature record: CXX_FEATURE:1cxx_thread_local
    Feature record: CXX_FEATURE:1cxx_trailing_return_types
    Feature record: CXX_FEATURE:1cxx_unicode_literals
    Feature record: CXX_FEATURE:1cxx_uniform_initialization
    Feature record: CXX_FEATURE:1cxx_unrestricted_unions
    Feature record: CXX_FEATURE:1cxx_user_literals
    Feature record: CXX_FEATURE:1cxx_variable_templates
    Feature record: CXX_FEATURE:1cxx_variadic_macros
    Feature record: CXX_FEATURE:1cxx_variadic_templates


Detecting CXX [-std=c++17] compiler features compiled with the following output:
Change Dir: /home/ideras/classes/Disenio_Logico_Digital/P2_2019/Pruebas/Prueba_Lab_P2_2019/Ejer2_Piano/build/CMakeFiles/CMakeTmp

Run Build Command(s):/usr/bin/gmake cmTC_4d303/fast 
/usr/bin/gmake -f CMakeFiles/cmTC_4d303.dir/build.make CMakeFiles/cmTC_4d303.dir/build
gmake[1]: Entering directory '/home/ideras/classes/Disenio_Logico_Digital/P2_2019/Pruebas/Prueba_Lab_P2_2019/Ejer2_Piano/build/CMakeFiles/CMakeTmp'
Building CXX object CMakeFiles/cmTC_4d303.dir/feature_tests.cxx.o
/usr/bin/g++    -std=c++17 -o CMakeFiles/cmTC_4d303.dir/feature_tests.cxx.o -c /home/ideras/classes/Disenio_Logico_Digital/P2_2019/Pruebas/Prueba_Lab_P2_2019/Ejer2_Piano/build/CMakeFiles/feature_tests.cxx
Linking CXX executable cmTC_4d303
/usr/bin/cmake -E cmake_link_script CMakeFiles/cmTC_4d303.dir/link.txt --verbose=1
/usr/bin/g++       -rdynamic CMakeFiles/cmTC_4d303.dir/feature_tests.cxx.o  -o cmTC_4d303 
gmake[1]: Leaving directory '/home/ideras/classes/Disenio_Logico_Digital/P2_2019/Pruebas/Prueba_Lab_P2_2019/Ejer2_Piano/build/CMakeFiles/CMakeTmp'


    Feature record: CXX_FEATURE:1cxx_aggregate_default_initializers
    Feature record: CXX_FEATURE:1cxx_alias_templates
    Feature record: CXX_FEATURE:1cxx_alignas
    Feature record: CXX_FEATURE:1cxx_alignof
    Feature record: CXX_FEATURE:1cxx_attributes
    Feature record: CXX_FEATURE:1cxx_attribute_deprecated
    Feature record: CXX_FEATURE:1cxx_auto_type
    Feature record: CXX_FEATURE:1cxx_binary_literals
    Feature record: CXX_FEATURE:1cxx_constexpr
    Feature record: CXX_FEATURE:1cxx_contextual_conversions
    Feature record: CXX_FEATURE:1cxx_decltype
    Feature record: CXX_FEATURE:1cxx_decltype_auto
    Feature record: CXX_FEATURE:1cxx_decltype_incomplete_return_types
    Feature record: CXX_FEATURE:1cxx_default_function_template_args
    Feature record: CXX_FEATURE:1cxx_defaulted_functions
    Feature record: CXX_FEATURE:1cxx_defaulted_move_initializers
    Feature record: CXX_FEATURE:1cxx_delegating_constructors
    Feature record: CXX_FEATURE:1cxx_deleted_functions
    Feature record: CXX_FEATURE:1cxx_digit_separators
    Feature record: CXX_FEATURE:1cxx_enum_forward_declarations
    Feature record: CXX_FEATURE:1cxx_explicit_conversions
    Feature record: CXX_FEATURE:1cxx_extended_friend_declarations
    Feature record: CXX_FEATURE:1cxx_extern_templates
    Feature record: CXX_FEATURE:1cxx_final
    Feature record: CXX_FEATURE:1cxx_func_identifier
    Feature record: CXX_FEATURE:1cxx_generalized_initializers
    Feature record: CXX_FEATURE:1cxx_generic_lambdas
    Feature record: CXX_FEATURE:1cxx_inheriting_constructors
    Feature record: CXX_FEATURE:1cxx_inline_namespaces
    Feature record: CXX_FEATURE:1cxx_lambdas
    Feature record: CXX_FEATURE:1cxx_lambda_init_captures
    Feature record: CXX_FEATURE:1cxx_local_type_template_args
    Feature record: CXX_FEATURE:1cxx_long_long_type
    Feature record: CXX_FEATURE:1cxx_noexcept
    Feature record: CXX_FEATURE:1cxx_nonstatic_member_init
    Feature record: CXX_FEATURE:1cxx_nullptr
    Feature record: CXX_FEATURE:1cxx_override
    Feature record: CXX_FEATURE:1cxx_range_for
    Feature record: CXX_FEATURE:1cxx_raw_string_literals
    Feature record: CXX_FEATURE:1cxx_reference_qualified_functions
    Feature record: CXX_FEATURE:1cxx_relaxed_constexpr
    Feature record: CXX_FEATURE:1cxx_return_type_deduction
    Feature record: CXX_FEATURE:1cxx_right_angle_brackets
    Feature record: CXX_FEATURE:1cxx_rvalue_references
    Feature record: CXX_FEATURE:1cxx_sizeof_member
    Feature record: CXX_FEATURE:1cxx_static_assert
    Feature record: CXX_FEATURE:1cxx_strong_enums
    Feature record: CXX_FEATURE:1cxx_template_template_parameters
    Feature record: CXX_FEATURE:1cxx_thread_local
    Feature record: CXX_FEATURE:1cxx_trailing_return_types
    Feature record: CXX_FEATURE:1cxx_unicode_literals
    Feature record: CXX_FEATURE:1cxx_uniform_initialization
    Feature record: CXX_FEATURE:1cxx_unrestricted_unions
    Feature record: CXX_FEATURE:1cxx_user_literals
    Feature record: CXX_FEATURE:1cxx_variable_templates
    Feature record: CXX_FEATURE:1cxx_variadic_macros
    Feature record: CXX_FEATURE:1cxx_variadic_templates


Detecting CXX [-std=c++14] compiler features compiled with the following output:
Change Dir: /home/ideras/classes/Disenio_Logico_Digital/P2_2019/Pruebas/Prueba_Lab_P2_2019/Ejer2_Piano/build/CMakeFiles/CMakeTmp

Run Build Command(s):/usr/bin/gmake cmTC_18b16/fast 
/usr/bin/gmake -f CMakeFiles/cmTC_18b16.dir/build.make CMakeFiles/cmTC_18b16.dir/build
gmake[1]: Entering directory '/home/ideras/classes/Disenio_Logico_Digital/P2_2019/Pruebas/Prueba_Lab_P2_2019/Ejer2_Piano/build/CMakeFiles/CMakeTmp'
Building CXX object CMakeFiles/cmTC_18b16.dir/feature_tests.cxx.o
/usr/bin/g++    -std=c++14 -o CMakeFiles/cmTC_18b16.dir/feature_tests.cxx.o -c /home/ideras/classes/Disenio_Logico_Digital/P2_2019/Pruebas/Prueba_Lab_P2_2019/Ejer2_Piano/build/CMakeFiles/feature_tests.cxx
Linking CXX executable cmTC_18b16
/usr/bin/cmake -E cmake_link_script CMakeFiles/cmTC_18b16.dir/link.txt --verbose=1
/usr/bin/g++       -rdynamic CMakeFiles/cmTC_18b16.dir/feature_tests.cxx.o  -o cmTC_18b16 
gmake[1]: Leaving directory '/home/ideras/classes/Disenio_Logico_Digital/P2_2019/Pruebas/Prueba_Lab_P2_2019/Ejer2_Piano/build/CMakeFiles/CMakeTmp'


    Feature record: CXX_FEATURE:1cxx_aggregate_default_initializers
    Feature record: CXX_FEATURE:1cxx_alias_templates
    Feature record: CXX_FEATURE:1cxx_alignas
    Feature record: CXX_FEATURE:1cxx_alignof
    Feature record: CXX_FEATURE:1cxx_attributes
    Feature record: CXX_FEATURE:1cxx_attribute_deprecated
    Feature record: CXX_FEATURE:1cxx_auto_type
    Feature record: CXX_FEATURE:1cxx_binary_literals
    Feature record: CXX_FEATURE:1cxx_constexpr
    Feature record: CXX_FEATURE:1cxx_contextual_conversions
    Feature record: CXX_FEATURE:1cxx_decltype
    Feature record: CXX_FEATURE:1cxx_decltype_auto
    Feature record: CXX_FEATURE:1cxx_decltype_incomplete_return_types
    Feature record: CXX_FEATURE:1cxx_default_function_template_args
    Feature record: CXX_FEATURE:1cxx_defaulted_functions
    Feature record: CXX_FEATURE:1cxx_defaulted_move_initializers
    Feature record: CXX_FEATURE:1cxx_delegating_constructors
    Feature record: CXX_FEATURE:1cxx_deleted_functions
    Feature record: CXX_FEATURE:1cxx_digit_separators
    Feature record: CXX_FEATURE:1cxx_enum_forward_declarations
    Feature record: CXX_FEATURE:1cxx_explicit_conversions
    Feature record: CXX_FEATURE:1cxx_extended_friend_declarations
    Feature record: CXX_FEATURE:1cxx_extern_templates
    Feature record: CXX_FEATURE:1cxx_final
    Feature record: CXX_FEATURE:1cxx_func_identifier
    Feature record: CXX_FEATURE:1cxx_generalized_initializers
    Feature record: CXX_FEATURE:1cxx_generic_lambdas
    Feature record: CXX_FEATURE:1cxx_inheriting_constructors
    Feature record: CXX_FEATURE:1cxx_inline_namespaces
    Feature record: CXX_FEATURE:1cxx_lambdas
    Feature record: CXX_FEATURE:1cxx_lambda_init_captures
    Feature record: CXX_FEATURE:1cxx_local_type_template_args
    Feature record: CXX_FEATURE:1cxx_long_long_type
    Feature record: CXX_FEATURE:1cxx_noexcept
    Feature record: CXX_FEATURE:1cxx_nonstatic_member_init
    Feature record: CXX_FEATURE:1cxx_nullptr
    Feature record: CXX_FEATURE:1cxx_override
    Feature record: CXX_FEATURE:1cxx_range_for
    Feature record: CXX_FEATURE:1cxx_raw_string_literals
    Feature record: CXX_FEATURE:1cxx_reference_qualified_functions
    Feature record: CXX_FEATURE:1cxx_relaxed_constexpr
    Feature record: CXX_FEATURE:1cxx_return_type_deduction
    Feature record: CXX_FEATURE:1cxx_right_angle_brackets
    Feature record: CXX_FEATURE:1cxx_rvalue_references
    Feature record: CXX_FEATURE:1cxx_sizeof_member
    Feature record: CXX_FEATURE:1cxx_static_assert
    Feature record: CXX_FEATURE:1cxx_strong_enums
    Feature record: CXX_FEATURE:1cxx_template_template_parameters
    Feature record: CXX_FEATURE:1cxx_thread_local
    Feature record: CXX_FEATURE:1cxx_trailing_return_types
    Feature record: CXX_FEATURE:1cxx_unicode_literals
    Feature record: CXX_FEATURE:1cxx_uniform_initialization
    Feature record: CXX_FEATURE:1cxx_unrestricted_unions
    Feature record: CXX_FEATURE:1cxx_user_literals
    Feature record: CXX_FEATURE:1cxx_variable_templates
    Feature record: CXX_FEATURE:1cxx_variadic_macros
    Feature record: CXX_FEATURE:1cxx_variadic_templates


Detecting CXX [-std=c++11] compiler features compiled with the following output:
Change Dir: /home/ideras/classes/Disenio_Logico_Digital/P2_2019/Pruebas/Prueba_Lab_P2_2019/Ejer2_Piano/build/CMakeFiles/CMakeTmp

Run Build Command(s):/usr/bin/gmake cmTC_72b44/fast 
/usr/bin/gmake -f CMakeFiles/cmTC_72b44.dir/build.make CMakeFiles/cmTC_72b44.dir/build
gmake[1]: Entering directory '/home/ideras/classes/Disenio_Logico_Digital/P2_2019/Pruebas/Prueba_Lab_P2_2019/Ejer2_Piano/build/CMakeFiles/CMakeTmp'
Building CXX object CMakeFiles/cmTC_72b44.dir/feature_tests.cxx.o
/usr/bin/g++    -std=c++11 -o CMakeFiles/cmTC_72b44.dir/feature_tests.cxx.o -c /home/ideras/classes/Disenio_Logico_Digital/P2_2019/Pruebas/Prueba_Lab_P2_2019/Ejer2_Piano/build/CMakeFiles/feature_tests.cxx
Linking CXX executable cmTC_72b44
/usr/bin/cmake -E cmake_link_script CMakeFiles/cmTC_72b44.dir/link.txt --verbose=1
/usr/bin/g++       -rdynamic CMakeFiles/cmTC_72b44.dir/feature_tests.cxx.o  -o cmTC_72b44 
gmake[1]: Leaving directory '/home/ideras/classes/Disenio_Logico_Digital/P2_2019/Pruebas/Prueba_Lab_P2_2019/Ejer2_Piano/build/CMakeFiles/CMakeTmp'


    Feature record: CXX_FEATURE:0cxx_aggregate_default_initializers
    Feature record: CXX_FEATURE:1cxx_alias_templates
    Feature record: CXX_FEATURE:1cxx_alignas
    Feature record: CXX_FEATURE:1cxx_alignof
    Feature record: CXX_FEATURE:1cxx_attributes
    Feature record: CXX_FEATURE:0cxx_attribute_deprecated
    Feature record: CXX_FEATURE:1cxx_auto_type
    Feature record: CXX_FEATURE:0cxx_binary_literals
    Feature record: CXX_FEATURE:1cxx_constexpr
    Feature record: CXX_FEATURE:0cxx_contextual_conversions
    Feature record: CXX_FEATURE:1cxx_decltype
    Feature record: CXX_FEATURE:0cxx_decltype_auto
    Feature record: CXX_FEATURE:1cxx_decltype_incomplete_return_types
    Feature record: CXX_FEATURE:1cxx_default_function_template_args
    Feature record: CXX_FEATURE:1cxx_defaulted_functions
    Feature record: CXX_FEATURE:1cxx_defaulted_move_initializers
    Feature record: CXX_FEATURE:1cxx_delegating_constructors
    Feature record: CXX_FEATURE:1cxx_deleted_functions
    Feature record: CXX_FEATURE:0cxx_digit_separators
    Feature record: CXX_FEATURE:1cxx_enum_forward_declarations
    Feature record: CXX_FEATURE:1cxx_explicit_conversions
    Feature record: CXX_FEATURE:1cxx_extended_friend_declarations
    Feature record: CXX_FEATURE:1cxx_extern_templates
    Feature record: CXX_FEATURE:1cxx_final
    Feature record: CXX_FEATURE:1cxx_func_identifier
    Feature record: CXX_FEATURE:1cxx_generalized_initializers
    Feature record: CXX_FEATURE:0cxx_generic_lambdas
    Feature record: CXX_FEATURE:1cxx_inheriting_constructors
    Feature record: CXX_FEATURE:1cxx_inline_namespaces
    Feature record: CXX_FEATURE:1cxx_lambdas
    Feature record: CXX_FEATURE:0cxx_lambda_init_captures
    Feature record: CXX_FEATURE:1cxx_local_type_template_args
    Feature record: CXX_FEATURE:1cxx_long_long_type
    Feature record: CXX_FEATURE:1cxx_noexcept
    Feature record: CXX_FEATURE:1cxx_nonstatic_member_init
    Feature record: CXX_FEATURE:1cxx_nullptr
    Feature record: CXX_FEATURE:1cxx_override
    Feature record: CXX_FEATURE:1cxx_range_for
    Feature record: CXX_FEATURE:1cxx_raw_string_literals
    Feature record: CXX_FEATURE:1cxx_reference_qualified_functions
    Feature record: CXX_FEATURE:0cxx_relaxed_constexpr
    Feature record: CXX_FEATURE:0cxx_return_type_deduction
    Feature record: CXX_FEATURE:1cxx_right_angle_brackets
    Feature record: CXX_FEATURE:1cxx_rvalue_references
    Feature record: CXX_FEATURE:1cxx_sizeof_member
    Feature record: CXX_FEATURE:1cxx_static_assert
    Feature record: CXX_FEATURE:1cxx_strong_enums
    Feature record: CXX_FEATURE:1cxx_template_template_parameters
    Feature record: CXX_FEATURE:1cxx_thread_local
    Feature record: CXX_FEATURE:1cxx_trailing_return_types
    Feature record: CXX_FEATURE:1cxx_unicode_literals
    Feature record: CXX_FEATURE:1cxx_uniform_initialization
    Feature record: CXX_FEATURE:1cxx_unrestricted_unions
    Feature record: CXX_FEATURE:1cxx_user_literals
    Feature record: CXX_FEATURE:0cxx_variable_templates
    Feature record: CXX_FEATURE:1cxx_variadic_macros
    Feature record: CXX_FEATURE:1cxx_variadic_templates


Detecting CXX [-std=c++98] compiler features compiled with the following output:
Change Dir: /home/ideras/classes/Disenio_Logico_Digital/P2_2019/Pruebas/Prueba_Lab_P2_2019/Ejer2_Piano/build/CMakeFiles/CMakeTmp

Run Build Command(s):/usr/bin/gmake cmTC_ca7b0/fast 
/usr/bin/gmake -f CMakeFiles/cmTC_ca7b0.dir/build.make CMakeFiles/cmTC_ca7b0.dir/build
gmake[1]: Entering directory '/home/ideras/classes/Disenio_Logico_Digital/P2_2019/Pruebas/Prueba_Lab_P2_2019/Ejer2_Piano/build/CMakeFiles/CMakeTmp'
Building CXX object CMakeFiles/cmTC_ca7b0.dir/feature_tests.cxx.o
/usr/bin/g++    -std=c++98 -o CMakeFiles/cmTC_ca7b0.dir/feature_tests.cxx.o -c /home/ideras/classes/Disenio_Logico_Digital/P2_2019/Pruebas/Prueba_Lab_P2_2019/Ejer2_Piano/build/CMakeFiles/feature_tests.cxx
Linking CXX executable cmTC_ca7b0
/usr/bin/cmake -E cmake_link_script CMakeFiles/cmTC_ca7b0.dir/link.txt --verbose=1
/usr/bin/g++       -rdynamic CMakeFiles/cmTC_ca7b0.dir/feature_tests.cxx.o  -o cmTC_ca7b0 
gmake[1]: Leaving directory '/home/ideras/classes/Disenio_Logico_Digital/P2_2019/Pruebas/Prueba_Lab_P2_2019/Ejer2_Piano/build/CMakeFiles/CMakeTmp'


    Feature record: CXX_FEATURE:0cxx_aggregate_default_initializers
    Feature record: CXX_FEATURE:0cxx_alias_templates
    Feature record: CXX_FEATURE:0cxx_alignas
    Feature record: CXX_FEATURE:0cxx_alignof
    Feature record: CXX_FEATURE:0cxx_attributes
    Feature record: CXX_FEATURE:0cxx_attribute_deprecated
    Feature record: CXX_FEATURE:0cxx_auto_type
    Feature record: CXX_FEATURE:0cxx_binary_literals
    Feature record: CXX_FEATURE:0cxx_constexpr
    Feature record: CXX_FEATURE:0cxx_contextual_conversions
    Feature record: CXX_FEATURE:0cxx_decltype
    Feature record: CXX_FEATURE:0cxx_decltype_auto
    Feature record: CXX_FEATURE:0cxx_decltype_incomplete_return_types
    Feature record: CXX_FEATURE:0cxx_default_function_template_args
    Feature record: CXX_FEATURE:0cxx_defaulted_functions
    Feature record: CXX_FEATURE:0cxx_defaulted_move_initializers
    Feature record: CXX_FEATURE:0cxx_delegating_constructors
    Feature record: CXX_FEATURE:0cxx_deleted_functions
    Feature record: CXX_FEATURE:0cxx_digit_separators
    Feature record: CXX_FEATURE:0cxx_enum_forward_declarations
    Feature record: CXX_FEATURE:0cxx_explicit_conversions
    Feature record: CXX_FEATURE:0cxx_extended_friend_declarations
    Feature record: CXX_FEATURE:0cxx_extern_templates
    Feature record: CXX_FEATURE:0cxx_final
    Feature record: CXX_FEATURE:0cxx_func_identifier
    Feature record: CXX_FEATURE:0cxx_generalized_initializers
    Feature record: CXX_FEATURE:0cxx_generic_lambdas
    Feature record: CXX_FEATURE:0cxx_inheriting_constructors
    Feature record: CXX_FEATURE:0cxx_inline_namespaces
    Feature record: CXX_FEATURE:0cxx_lambdas
    Feature record: CXX_FEATURE:0cxx_lambda_init_captures
    Feature record: CXX_FEATURE:0cxx_local_type_template_args
    Feature record: CXX_FEATURE:0cxx_long_long_type
    Feature record: CXX_FEATURE:0cxx_noexcept
    Feature record: CXX_FEATURE:0cxx_nonstatic_member_init
    Feature record: CXX_FEATURE:0cxx_nullptr
    Feature record: CXX_FEATURE:0cxx_override
    Feature record: CXX_FEATURE:0cxx_range_for
    Feature record: CXX_FEATURE:0cxx_raw_string_literals
    Feature record: CXX_FEATURE:0cxx_reference_qualified_functions
    Feature record: CXX_FEATURE:0cxx_relaxed_constexpr
    Feature record: CXX_FEATURE:0cxx_return_type_deduction
    Feature record: CXX_FEATURE:0cxx_right_angle_brackets
    Feature record: CXX_FEATURE:0cxx_rvalue_references
    Feature record: CXX_FEATURE:0cxx_sizeof_member
    Feature record: CXX_FEATURE:0cxx_static_assert
    Feature record: CXX_FEATURE:0cxx_strong_enums
    Feature record: CXX_FEATURE:1cxx_template_template_parameters
    Feature record: CXX_FEATURE:0cxx_thread_local
    Feature record: CXX_FEATURE:0cxx_trailing_return_types
    Feature record: CXX_FEATURE:0cxx_unicode_literals
    Feature record: CXX_FEATURE:0cxx_uniform_initialization
    Feature record: CXX_FEATURE:0cxx_unrestricted_unions
    Feature record: CXX_FEATURE:0cxx_user_literals
    Feature record: CXX_FEATURE:0cxx_variable_templates
    Feature record: CXX_FEATURE:0cxx_variadic_macros
    Feature record: CXX_FEATURE:0cxx_variadic_templates
